<?xml version="1.0" encoding="UTF-8" ?>
<testsuite tests="12" failures="0" name="com.rahulshettyacademy.runner.TestRunner" time="0.469" errors="0" skipped="9">
  <properties>
    <property name="java.runtime.name" value="Java(TM) SE Runtime Environment"/>
    <property name="java.vm.version" value="11.0.9+7-LTS"/>
    <property name="sun.boot.library.path" value="C:\Program Files\Java\jdk-11.0.9\bin"/>
    <property name="maven.multiModuleProjectDirectory" value="E:/Workplace/RahulShettyBDD"/>
    <property name="java.vm.vendor" value="Oracle Corporation"/>
    <property name="java.vendor.url" value="https://openjdk.java.net/"/>
    <property name="guice.disable.misplaced.annotation.check" value="true"/>
    <property name="path.separator" value=";"/>
    <property name="java.vm.name" value="Java HotSpot(TM) 64-Bit Server VM"/>
    <property name="sun.os.patch.level" value=""/>
    <property name="user.script" value=""/>
    <property name="user.country" value="IN"/>
    <property name="sun.java.launcher" value="SUN_STANDARD"/>
    <property name="java.vm.specification.name" value="Java Virtual Machine Specification"/>
    <property name="user.dir" value="E:\Workplace\RahulShettyBDD"/>
    <property name="java.vm.compressedOopsMode" value="32-bit"/>
    <property name="java.runtime.version" value="11.0.9+7-LTS"/>
    <property name="java.awt.graphicsenv" value="sun.awt.Win32GraphicsEnvironment"/>
    <property name="os.arch" value="amd64"/>
    <property name="java.io.tmpdir" value="C:\Users\PCP\AppData\Local\Temp\"/>
    <property name="line.separator" value="
"/>
    <property name="java.vm.specification.vendor" value="Oracle Corporation"/>
    <property name="user.variant" value=""/>
    <property name="os.name" value="Windows 10"/>
    <property name="classworlds.conf" value="D:/IT softwares/apache-maven-3.8.4/bin/m2.conf"/>
    <property name="sun.jnu.encoding" value="Cp1252"/>
    <property name="java.library.path" value="C:\Program Files\Java\jdk-11.0.9\bin;C:\WINDOWS\Sun\Java\bin;C:\WINDOWS\system32;C:\WINDOWS;C:\Program Files\Git\mingw64\bin;C:\Program Files\Git\usr\bin;C:\Users\PCP\bin;C:\Program Files (x86)\Common Files\Intel\Shared Libraries\redist\intel64\compiler;C:\Program Files\Common Files\Oracle\Java\javapath;C:\Windows\system32;C:\Windows;C:\Windows\System32\Wbem;C:\Windows\System32\WindowsPowerShell\v1.0;C:\Windows\System32\OpenSSH;C:\Program Files (x86)\NVIDIA Corporation\PhysX\Common;E:\Program Files\nodejs;C:\Program Files\Java\jdk-11.0.9\bin;C:\WINDOWS\system32;C:\WINDOWS;C:\WINDOWS\System32\Wbem;C:\WINDOWS\System32\WindowsPowerShell\v1.0;C:\WINDOWS\System32\OpenSSH;C:\Program Files\Git\cmd;D:\IT softwares\apache-maven-3.8.4\bin;C:\Android;C:\Users\PCP\AppData\Local\Microsoft\WindowsApps;C:\Users\PCP\AppData\Roaming\npm;C:\Program Files\JetBrains\IntelliJ IDEA Community Edition 2020.2.4\bin;."/>
    <property name="maven.conf" value="D:/IT softwares/apache-maven-3.8.4/conf"/>
    <property name="jdk.debug" value="release"/>
    <property name="java.class.version" value="55.0"/>
    <property name="java.specification.name" value="Java Platform API Specification"/>
    <property name="sun.management.compiler" value="HotSpot 64-Bit Tiered Compilers"/>
    <property name="os.version" value="10.0"/>
    <property name="library.jansi.path" value="D:/IT softwares/apache-maven-3.8.4/lib/jansi-native"/>
    <property name="user.home" value="C:\Users\PCP"/>
    <property name="user.timezone" value="Asia/Calcutta"/>
    <property name="java.awt.printerjob" value="sun.awt.windows.WPrinterJob"/>
    <property name="file.encoding" value="Cp1252"/>
    <property name="java.specification.version" value="11"/>
    <property name="user.name" value="PCP"/>
    <property name="java.class.path" value="D:/IT softwares/apache-maven-3.8.4/boot/plexus-classworlds-2.6.0.jar"/>
    <property name="java.vm.specification.version" value="11"/>
    <property name="sun.arch.data.model" value="64"/>
    <property name="sun.java.command" value="org.codehaus.plexus.classworlds.launcher.Launcher test"/>
    <property name="java.home" value="C:\Program Files\Java\jdk-11.0.9"/>
    <property name="user.language" value="en"/>
    <property name="java.specification.vendor" value="Oracle Corporation"/>
    <property name="awt.toolkit" value="sun.awt.windows.WToolkit"/>
    <property name="java.vm.info" value="mixed mode"/>
    <property name="java.version" value="11.0.9"/>
    <property name="java.vendor" value="Oracle Corporation"/>
    <property name="sun.stderr.encoding" value="cp437"/>
    <property name="maven.home" value="D:\IT softwares\apache-maven-3.8.4"/>
    <property name="file.separator" value="\"/>
    <property name="java.version.date" value="2020-10-20"/>
    <property name="java.vendor.url.bug" value="https://bugreport.java.com/bugreport/"/>
    <property name="sun.io.unicode.encoding" value="UnicodeLittle"/>
    <property name="sun.cpu.endian" value="little"/>
    <property name="java.vendor.version" value="18.9"/>
    <property name="sun.stdout.encoding" value="cp437"/>
    <property name="sun.desktop" value="windows"/>
    <property name="sun.cpu.isalist" value="amd64"/>
  </properties>
  <testcase classname="| Kolkata |" name="Given User launch website &quot;https://rahulshettyacademy.com/AutomationPractice/&quot;" time="0.081">
    <skipped/>
  </testcase>
  <testcase classname="| Kolkata |" name="And Navigate to table &quot;Web Table Fixed header&quot;" time="0.093">
    <skipped/>
  </testcase>
  <testcase classname="| Kolkata |" name="Then fetch amount for &quot;Kolkata&quot; and print" time="0.095">
    <skipped/>
  </testcase>
  <testcase classname="| Kolkata |" name="| Kolkata |" time="0.096"/>
  <testcase classname="| Mumbai |" name="Given User launch website &quot;https://rahulshettyacademy.com/AutomationPractice/&quot;" time="0.011">
    <skipped/>
  </testcase>
  <testcase classname="| Mumbai |" name="And Navigate to table &quot;Web Table Fixed header&quot;" time="0.015">
    <skipped/>
  </testcase>
  <testcase classname="| Mumbai |" name="Then fetch amount for &quot;Mumbai&quot; and print" time="0.022">
    <skipped/>
  </testcase>
  <testcase classname="| Mumbai |" name="| Mumbai |" time="0.022"/>
  <testcase classname="| Delhi |" name="Given User launch website &quot;https://rahulshettyacademy.com/AutomationPractice/&quot;" time="0.006">
    <skipped/>
  </testcase>
  <testcase classname="| Delhi |" name="And Navigate to table &quot;Web Table Fixed header&quot;" time="0.006">
    <skipped/>
  </testcase>
  <testcase classname="| Delhi |" name="Then fetch amount for &quot;Delhi&quot; and print" time="0.01">
    <skipped/>
  </testcase>
  <testcase classname="| Delhi |" name="| Delhi |" time="0.012"/>
</testsuite>